Arguments: 
  /Users/Dena/.nvm/versions/node/v8.6.0/bin/node /Users/Dena/.nvm/versions/node/v8.6.0/bin/yarn start

PATH: 
  /Users/Dena/.virtualenvs/cupcake/bin:/usr/local/opt/mongodb@3.0/bin:/Users/Dena/.nvm/versions/node/v8.6.0/bin:/Users/Dena/.venvburrito/bin:/Users/Dena/anaconda2:/bin:/sbin:/usr/bin:/usr/local/sbin:/usr/local/bin:/usr/local/bin:/usr/bin:/bin:/usr/sbin:/sbin:/usr/local/MacGPG2/bin:/opt/X11/bin

Yarn version: 
  1.5.1

Node version: 
  8.6.0

Platform: 
  darwin x64

npm manifest: 
  No manifest

yarn manifest: 
  No manifest

Lockfile: 
  No lockfile

Trace: 
  Error: Couldn't find a package.json file in "/Users/Dena/playspace/CupCake"
      at new MessageError (/Users/Dena/.nvm/versions/node/v8.6.0/lib/node_modules/yarn/lib/cli.js:186:110)
      at /Users/Dena/.nvm/versions/node/v8.6.0/lib/node_modules/yarn/lib/cli.js:40048:15
      at Generator.next (<anonymous>)
      at step (/Users/Dena/.nvm/versions/node/v8.6.0/lib/node_modules/yarn/lib/cli.js:98:30)
      at /Users/Dena/.nvm/versions/node/v8.6.0/lib/node_modules/yarn/lib/cli.js:109:13
      at <anonymous>
